<?xml version="1.0" encoding="UTF-8" ?>
<testsuite tests="36" failures="3" name="com.mycompany.flooringmasteryweb.dao.OrderDaoTest" time="4.757" errors="0" skipped="0">
  <properties>
    <property name="java.runtime.name" value="Java(TM) SE Runtime Environment"/>
    <property name="sun.boot.library.path" value="C:\Program Files\Java\jdk1.8.0_66\jre\bin"/>
    <property name="java.vm.version" value="25.66-b18"/>
    <property name="java.vm.vendor" value="Oracle Corporation"/>
    <property name="java.vendor.url" value="http://java.oracle.com/"/>
    <property name="path.separator" value=";"/>
    <property name="guice.disable.misplaced.annotation.check" value="true"/>
    <property name="java.vm.name" value="Java HotSpot(TM) 64-Bit Server VM"/>
    <property name="file.encoding.pkg" value="sun.io"/>
    <property name="user.script" value=""/>
    <property name="user.country" value="US"/>
    <property name="sun.java.launcher" value="SUN_STANDARD"/>
    <property name="sun.os.patch.level" value=""/>
    <property name="java.vm.specification.name" value="Java Virtual Machine Specification"/>
    <property name="user.dir" value="C:\Users\ATeg\Desktop\Folder\Git Repository\_repos\FlooringMasteryWeb"/>
    <property name="java.runtime.version" value="1.8.0_66-b18"/>
    <property name="java.awt.graphicsenv" value="sun.awt.Win32GraphicsEnvironment"/>
    <property name="java.endorsed.dirs" value="C:\Program Files\Java\jdk1.8.0_66\jre\lib\endorsed"/>
    <property name="os.arch" value="amd64"/>
    <property name="java.io.tmpdir" value="C:\Users\ATeg\AppData\Local\Temp\"/>
    <property name="line.separator" value="
"/>
    <property name="java.vm.specification.vendor" value="Oracle Corporation"/>
    <property name="user.variant" value=""/>
    <property name="os.name" value="Windows 10"/>
    <property name="maven.ext.class.path" value="C:\Program Files\NetBeans 8.1\java\maven-nblib\netbeans-eventspy.jar"/>
    <property name="classworlds.conf" value="C:\Program Files\NetBeans 8.1\java\maven\bin\m2.conf"/>
    <property name="sun.jnu.encoding" value="Cp1252"/>
    <property name="java.library.path" value="C:\Program Files\Java\jdk1.8.0_66\bin;C:\WINDOWS\Sun\Java\bin;C:\WINDOWS\system32;C:\WINDOWS;C:\ProgramData\Oracle\Java\javapath;C:\WINDOWS\system32;C:\WINDOWS;C:\WINDOWS\System32\Wbem;C:\WINDOWS\System32\WindowsPowerShell\v1.0\;C:\Program Files\Microsoft SQL Server\120\Tools\Binn\;C:\Program Files\Microsoft SQL Server\130\Tools\Binn\;C:\Program Files\dotnet\;C:\Program Files (x86)\Heroku\bin;C:\Program Files (x86)\git\cmd;C:\Program Files\nodejs\;C:\Program Files\Redis\;C:\Program Files (x86)\GtkSharp\2.12\bin;C:\Users\ATeg\AppData\Local\Microsoft\WindowsApps;C:\Users\ATeg\AppData\Roaming\npm;."/>
    <property name="java.specification.name" value="Java Platform API Specification"/>
    <property name="java.class.version" value="52.0"/>
    <property name="sun.management.compiler" value="HotSpot 64-Bit Tiered Compilers"/>
    <property name="os.version" value="10.0"/>
    <property name="user.home" value="C:\Users\ATeg"/>
    <property name="user.timezone" value="America/New_York"/>
    <property name="java.awt.printerjob" value="sun.awt.windows.WPrinterJob"/>
    <property name="java.specification.version" value="1.8"/>
    <property name="file.encoding" value="Cp1252"/>
    <property name="user.name" value="ATeg"/>
    <property name="java.class.path" value="C:\Program Files\NetBeans 8.1\java\maven\boot\plexus-classworlds-2.4.jar"/>
    <property name="java.vm.specification.version" value="1.8"/>
    <property name="sun.arch.data.model" value="64"/>
    <property name="java.home" value="C:\Program Files\Java\jdk1.8.0_66\jre"/>
    <property name="sun.java.command" value="org.codehaus.plexus.classworlds.launcher.Launcher -Dmaven.ext.class.path=C:\Program Files\NetBeans 8.1\java\maven-nblib\netbeans-eventspy.jar clean install"/>
    <property name="java.specification.vendor" value="Oracle Corporation"/>
    <property name="user.language" value="en"/>
    <property name="awt.toolkit" value="sun.awt.windows.WToolkit"/>
    <property name="java.vm.info" value="mixed mode"/>
    <property name="java.version" value="1.8.0_66"/>
    <property name="java.ext.dirs" value="C:\Program Files\Java\jdk1.8.0_66\jre\lib\ext;C:\WINDOWS\Sun\Java\lib\ext"/>
    <property name="sun.boot.class.path" value="C:\Program Files\Java\jdk1.8.0_66\jre\lib\resources.jar;C:\Program Files\Java\jdk1.8.0_66\jre\lib\rt.jar;C:\Program Files\Java\jdk1.8.0_66\jre\lib\sunrsasign.jar;C:\Program Files\Java\jdk1.8.0_66\jre\lib\jsse.jar;C:\Program Files\Java\jdk1.8.0_66\jre\lib\jce.jar;C:\Program Files\Java\jdk1.8.0_66\jre\lib\charsets.jar;C:\Program Files\Java\jdk1.8.0_66\jre\lib\jfr.jar;C:\Program Files\Java\jdk1.8.0_66\jre\classes"/>
    <property name="java.vendor" value="Oracle Corporation"/>
    <property name="maven.home" value="C:\Program Files\NetBeans 8.1\java\maven"/>
    <property name="file.separator" value="\"/>
    <property name="java.vendor.url.bug" value="http://bugreport.sun.com/bugreport/"/>
    <property name="sun.cpu.endian" value="little"/>
    <property name="sun.io.unicode.encoding" value="UnicodeLittle"/>
    <property name="sun.desktop" value="windows"/>
    <property name="sun.cpu.isalist" value="amd64"/>
  </properties>
  <testcase classname="com.mycompany.flooringmasteryweb.dao.OrderDaoTest" name="testToStringExtreme" time="0.168">
    <failure message="IOException - \home\apprentice\_repos\adam.tegtmeier.self.work\Labs\FlooringMastery\ThirdResultTestFile.txt (The system cannot find the path specified)" type="java.lang.AssertionError">java.lang.AssertionError: IOException - \home\apprentice\_repos\adam.tegtmeier.self.work\Labs\FlooringMastery\ThirdResultTestFile.txt (The system cannot find the path specified)
	at org.junit.Assert.fail(Assert.java:88)
	at com.mycompany.flooringmasteryweb.dao.OrderDaoTest.testToStringExtreme(OrderDaoTest.java:961)
	at sun.reflect.NativeMethodAccessorImpl.invoke0(Native Method)
	at sun.reflect.NativeMethodAccessorImpl.invoke(NativeMethodAccessorImpl.java:62)
	at sun.reflect.DelegatingMethodAccessorImpl.invoke(DelegatingMethodAccessorImpl.java:43)
	at java.lang.reflect.Method.invoke(Method.java:497)
	at org.junit.runners.model.FrameworkMethod$1.runReflectiveCall(FrameworkMethod.java:47)
	at org.junit.internal.runners.model.ReflectiveCallable.run(ReflectiveCallable.java:12)
	at org.junit.runners.model.FrameworkMethod.invokeExplosively(FrameworkMethod.java:44)
	at org.junit.internal.runners.statements.InvokeMethod.evaluate(InvokeMethod.java:17)
	at org.junit.internal.runners.statements.RunBefores.evaluate(RunBefores.java:26)
	at org.junit.internal.runners.statements.RunAfters.evaluate(RunAfters.java:27)
	at org.junit.runners.ParentRunner.runLeaf(ParentRunner.java:271)
	at org.junit.runners.BlockJUnit4ClassRunner.runChild(BlockJUnit4ClassRunner.java:70)
	at org.junit.runners.BlockJUnit4ClassRunner.runChild(BlockJUnit4ClassRunner.java:50)
	at org.junit.runners.ParentRunner$3.run(ParentRunner.java:238)
	at org.junit.runners.ParentRunner$1.schedule(ParentRunner.java:63)
	at org.junit.runners.ParentRunner.runChildren(ParentRunner.java:236)
	at org.junit.runners.ParentRunner.access$000(ParentRunner.java:53)
	at org.junit.runners.ParentRunner$2.evaluate(ParentRunner.java:229)
	at org.junit.runners.ParentRunner.run(ParentRunner.java:309)
	at org.apache.maven.surefire.junit4.JUnit4TestSet.execute(JUnit4TestSet.java:53)
	at org.apache.maven.surefire.junit4.JUnit4Provider.executeTestSet(JUnit4Provider.java:123)
	at org.apache.maven.surefire.junit4.JUnit4Provider.invoke(JUnit4Provider.java:104)
	at sun.reflect.NativeMethodAccessorImpl.invoke0(Native Method)
	at sun.reflect.NativeMethodAccessorImpl.invoke(NativeMethodAccessorImpl.java:62)
	at sun.reflect.DelegatingMethodAccessorImpl.invoke(DelegatingMethodAccessorImpl.java:43)
	at java.lang.reflect.Method.invoke(Method.java:497)
	at org.apache.maven.surefire.util.ReflectionUtils.invokeMethodWithArray(ReflectionUtils.java:164)
	at org.apache.maven.surefire.booter.ProviderFactory$ProviderProxy.invoke(ProviderFactory.java:110)
	at org.apache.maven.surefire.booter.SurefireStarter.invokeProvider(SurefireStarter.java:175)
	at org.apache.maven.surefire.booter.SurefireStarter.runSuitesInProcessWhenForked(SurefireStarter.java:107)
	at org.apache.maven.surefire.booter.ForkedBooter.main(ForkedBooter.java:68)
</failure>
    <system-out>orderFile
</system-out>
  </testcase>
  <testcase classname="com.mycompany.flooringmasteryweb.dao.OrderDaoTest" name="testResolverFBackandForth" time="0.244"/>
  <testcase classname="com.mycompany.flooringmasteryweb.dao.OrderDaoTest" name="testResolverEBackandForth" time="0.161"/>
  <testcase classname="com.mycompany.flooringmasteryweb.dao.OrderDaoTest" name="testResolverA" time="0.249"/>
  <testcase classname="com.mycompany.flooringmasteryweb.dao.OrderDaoTest" name="testResolverB" time="0.22"/>
  <testcase classname="com.mycompany.flooringmasteryweb.dao.OrderDaoTest" name="testResolverC" time="0.176"/>
  <testcase classname="com.mycompany.flooringmasteryweb.dao.OrderDaoTest" name="testResolverD" time="0.161"/>
  <testcase classname="com.mycompany.flooringmasteryweb.dao.OrderDaoTest" name="testResolverF" time="0.12"/>
  <testcase classname="com.mycompany.flooringmasteryweb.dao.OrderDaoTest" name="testNullGetB" time="0.048"/>
  <testcase classname="com.mycompany.flooringmasteryweb.dao.OrderDaoTest" name="testToString" time="0.158">
    <failure message="IOException - \home\apprentice\_repos\adam.tegtmeier.self.work\Labs\FlooringMastery\FirstResultTestFile.txt (The system cannot find the path specified)" type="java.lang.AssertionError">java.lang.AssertionError: IOException - \home\apprentice\_repos\adam.tegtmeier.self.work\Labs\FlooringMastery\FirstResultTestFile.txt (The system cannot find the path specified)
	at org.junit.Assert.fail(Assert.java:88)
	at com.mycompany.flooringmasteryweb.dao.OrderDaoTest.testToString(OrderDaoTest.java:853)
	at sun.reflect.NativeMethodAccessorImpl.invoke0(Native Method)
	at sun.reflect.NativeMethodAccessorImpl.invoke(NativeMethodAccessorImpl.java:62)
	at sun.reflect.DelegatingMethodAccessorImpl.invoke(DelegatingMethodAccessorImpl.java:43)
	at java.lang.reflect.Method.invoke(Method.java:497)
	at org.junit.runners.model.FrameworkMethod$1.runReflectiveCall(FrameworkMethod.java:47)
	at org.junit.internal.runners.model.ReflectiveCallable.run(ReflectiveCallable.java:12)
	at org.junit.runners.model.FrameworkMethod.invokeExplosively(FrameworkMethod.java:44)
	at org.junit.internal.runners.statements.InvokeMethod.evaluate(InvokeMethod.java:17)
	at org.junit.internal.runners.statements.RunBefores.evaluate(RunBefores.java:26)
	at org.junit.internal.runners.statements.RunAfters.evaluate(RunAfters.java:27)
	at org.junit.runners.ParentRunner.runLeaf(ParentRunner.java:271)
	at org.junit.runners.BlockJUnit4ClassRunner.runChild(BlockJUnit4ClassRunner.java:70)
	at org.junit.runners.BlockJUnit4ClassRunner.runChild(BlockJUnit4ClassRunner.java:50)
	at org.junit.runners.ParentRunner$3.run(ParentRunner.java:238)
	at org.junit.runners.ParentRunner$1.schedule(ParentRunner.java:63)
	at org.junit.runners.ParentRunner.runChildren(ParentRunner.java:236)
	at org.junit.runners.ParentRunner.access$000(ParentRunner.java:53)
	at org.junit.runners.ParentRunner$2.evaluate(ParentRunner.java:229)
	at org.junit.runners.ParentRunner.run(ParentRunner.java:309)
	at org.apache.maven.surefire.junit4.JUnit4TestSet.execute(JUnit4TestSet.java:53)
	at org.apache.maven.surefire.junit4.JUnit4Provider.executeTestSet(JUnit4Provider.java:123)
	at org.apache.maven.surefire.junit4.JUnit4Provider.invoke(JUnit4Provider.java:104)
	at sun.reflect.NativeMethodAccessorImpl.invoke0(Native Method)
	at sun.reflect.NativeMethodAccessorImpl.invoke(NativeMethodAccessorImpl.java:62)
	at sun.reflect.DelegatingMethodAccessorImpl.invoke(DelegatingMethodAccessorImpl.java:43)
	at java.lang.reflect.Method.invoke(Method.java:497)
	at org.apache.maven.surefire.util.ReflectionUtils.invokeMethodWithArray(ReflectionUtils.java:164)
	at org.apache.maven.surefire.booter.ProviderFactory$ProviderProxy.invoke(ProviderFactory.java:110)
	at org.apache.maven.surefire.booter.SurefireStarter.invokeProvider(SurefireStarter.java:175)
	at org.apache.maven.surefire.booter.SurefireStarter.runSuitesInProcessWhenForked(SurefireStarter.java:107)
	at org.apache.maven.surefire.booter.ForkedBooter.main(ForkedBooter.java:68)
</failure>
    <system-out>orderFile
</system-out>
  </testcase>
  <testcase classname="com.mycompany.flooringmasteryweb.dao.OrderDaoTest" name="testResolverPBackandForth" time="0.2"/>
  <testcase classname="com.mycompany.flooringmasteryweb.dao.OrderDaoTest" name="testResolverOBackandForth" time="0.164"/>
  <testcase classname="com.mycompany.flooringmasteryweb.dao.OrderDaoTest" name="testResolverNBackandForth" time="0.187"/>
  <testcase classname="com.mycompany.flooringmasteryweb.dao.OrderDaoTest" name="testEncodeAndDecode" time="0.31"/>
  <testcase classname="com.mycompany.flooringmasteryweb.dao.OrderDaoTest" name="testToStringEscapeAtEnd" time="0.077">
    <failure message="IOException - \home\apprentice\_repos\adam.tegtmeier.self.work\Labs\FlooringMastery\FifthResultTestFile.txt (The system cannot find the path specified)" type="java.lang.AssertionError">java.lang.AssertionError: IOException - \home\apprentice\_repos\adam.tegtmeier.self.work\Labs\FlooringMastery\FifthResultTestFile.txt (The system cannot find the path specified)
	at org.junit.Assert.fail(Assert.java:88)
	at com.mycompany.flooringmasteryweb.dao.OrderDaoTest.testToStringEscapeAtEnd(OrderDaoTest.java:1057)
	at sun.reflect.NativeMethodAccessorImpl.invoke0(Native Method)
	at sun.reflect.NativeMethodAccessorImpl.invoke(NativeMethodAccessorImpl.java:62)
	at sun.reflect.DelegatingMethodAccessorImpl.invoke(DelegatingMethodAccessorImpl.java:43)
	at java.lang.reflect.Method.invoke(Method.java:497)
	at org.junit.runners.model.FrameworkMethod$1.runReflectiveCall(FrameworkMethod.java:47)
	at org.junit.internal.runners.model.ReflectiveCallable.run(ReflectiveCallable.java:12)
	at org.junit.runners.model.FrameworkMethod.invokeExplosively(FrameworkMethod.java:44)
	at org.junit.internal.runners.statements.InvokeMethod.evaluate(InvokeMethod.java:17)
	at org.junit.internal.runners.statements.RunBefores.evaluate(RunBefores.java:26)
	at org.junit.internal.runners.statements.RunAfters.evaluate(RunAfters.java:27)
	at org.junit.runners.ParentRunner.runLeaf(ParentRunner.java:271)
	at org.junit.runners.BlockJUnit4ClassRunner.runChild(BlockJUnit4ClassRunner.java:70)
	at org.junit.runners.BlockJUnit4ClassRunner.runChild(BlockJUnit4ClassRunner.java:50)
	at org.junit.runners.ParentRunner$3.run(ParentRunner.java:238)
	at org.junit.runners.ParentRunner$1.schedule(ParentRunner.java:63)
	at org.junit.runners.ParentRunner.runChildren(ParentRunner.java:236)
	at org.junit.runners.ParentRunner.access$000(ParentRunner.java:53)
	at org.junit.runners.ParentRunner$2.evaluate(ParentRunner.java:229)
	at org.junit.runners.ParentRunner.run(ParentRunner.java:309)
	at org.apache.maven.surefire.junit4.JUnit4TestSet.execute(JUnit4TestSet.java:53)
	at org.apache.maven.surefire.junit4.JUnit4Provider.executeTestSet(JUnit4Provider.java:123)
	at org.apache.maven.surefire.junit4.JUnit4Provider.invoke(JUnit4Provider.java:104)
	at sun.reflect.NativeMethodAccessorImpl.invoke0(Native Method)
	at sun.reflect.NativeMethodAccessorImpl.invoke(NativeMethodAccessorImpl.java:62)
	at sun.reflect.DelegatingMethodAccessorImpl.invoke(DelegatingMethodAccessorImpl.java:43)
	at java.lang.reflect.Method.invoke(Method.java:497)
	at org.apache.maven.surefire.util.ReflectionUtils.invokeMethodWithArray(ReflectionUtils.java:164)
	at org.apache.maven.surefire.booter.ProviderFactory$ProviderProxy.invoke(ProviderFactory.java:110)
	at org.apache.maven.surefire.booter.SurefireStarter.invokeProvider(SurefireStarter.java:175)
	at org.apache.maven.surefire.booter.SurefireStarter.runSuitesInProcessWhenForked(SurefireStarter.java:107)
	at org.apache.maven.surefire.booter.ForkedBooter.main(ForkedBooter.java:68)
</failure>
    <system-out>orderFile
</system-out>
  </testcase>
  <testcase classname="com.mycompany.flooringmasteryweb.dao.OrderDaoTest" name="testResolverMBackandForth" time="0.114"/>
  <testcase classname="com.mycompany.flooringmasteryweb.dao.OrderDaoTest" name="testResolverLBackandForth" time="0.113"/>
  <testcase classname="com.mycompany.flooringmasteryweb.dao.OrderDaoTest" name="testEncodeAndDecodeWithDate" time="0.474"/>
  <testcase classname="com.mycompany.flooringmasteryweb.dao.OrderDaoTest" name="testCreateB" time="0.072"/>
  <testcase classname="com.mycompany.flooringmasteryweb.dao.OrderDaoTest" name="testCreateC" time="0.065"/>
  <testcase classname="com.mycompany.flooringmasteryweb.dao.OrderDaoTest" name="testCreateD" time="0.064"/>
  <testcase classname="com.mycompany.flooringmasteryweb.dao.OrderDaoTest" name="testCreateE" time="0.063"/>
  <testcase classname="com.mycompany.flooringmasteryweb.dao.OrderDaoTest" name="testResolverKBackandForth" time="0.095"/>
  <testcase classname="com.mycompany.flooringmasteryweb.dao.OrderDaoTest" name="testNullCreate" time="0.059"/>
  <testcase classname="com.mycompany.flooringmasteryweb.dao.OrderDaoTest" name="testNullUpdateB" time="0.064"/>
  <testcase classname="com.mycompany.flooringmasteryweb.dao.OrderDaoTest" name="testNullDelete" time="0.084"/>
  <testcase classname="com.mycompany.flooringmasteryweb.dao.OrderDaoTest" name="testResolverJBackandForth" time="0.073"/>
  <testcase classname="com.mycompany.flooringmasteryweb.dao.OrderDaoTest" name="testCreate" time="0.055"/>
  <testcase classname="com.mycompany.flooringmasteryweb.dao.OrderDaoTest" name="testNullUpdate" time="0.086"/>
  <testcase classname="com.mycompany.flooringmasteryweb.dao.OrderDaoTest" name="testResolverIBackandForth" time="0.05"/>
  <testcase classname="com.mycompany.flooringmasteryweb.dao.OrderDaoTest" name="testResolverHBackandForth" time="0.041"/>
  <testcase classname="com.mycompany.flooringmasteryweb.dao.OrderDaoTest" name="testGetAllOrderes" time="0.208"/>
  <testcase classname="com.mycompany.flooringmasteryweb.dao.OrderDaoTest" name="testNullGet" time="0.047"/>
  <testcase classname="com.mycompany.flooringmasteryweb.dao.OrderDaoTest" name="testResolverGBackandForth" time="0.046"/>
  <testcase classname="com.mycompany.flooringmasteryweb.dao.OrderDaoTest" name="testNullCreateB" time="0.054"/>
  <testcase classname="com.mycompany.flooringmasteryweb.dao.OrderDaoTest" name="testEncodeAndDecodeWithCommas" time="0.178"/>
</testsuite>